<?xml version="1.0" encoding="UTF-8"?>
<!-- Generated by org.testng.reporters.JUnitReportReporter -->
<testsuite skipped="0" hostname="HPDA0017" name="testClass.hoverPage" tests="1" failures="0" timestamp="04 Jul 2018 08:43:18 GMT" time="0.209" errors="0">
  <testcase name="verify_hoverPage" time="0.209" classname="testClass.hoverPage"/>
</testsuite> <!-- testClass.hoverPage -->
