<?xml version="1.0" encoding="UTF-8"?>
<!-- Generated by org.testng.reporters.JUnitReportReporter -->
<testsuite skipped="0" hostname="HPDA0017" name="testClass.openDriver" tests="1" failures="0" timestamp="04 Jul 2018 08:43:18 GMT" time="0.301" errors="0">
  <testcase name="verify_openDriver" time="0.301" classname="testClass.openDriver"/>
</testsuite> <!-- testClass.openDriver -->
