<?xml version="1.0" encoding="UTF-8"?>
<!-- Generated by org.testng.reporters.JUnitReportReporter -->
<testsuite skipped="0" hostname="HPDA0017" name="testClass.filePage" tests="1" failures="0" timestamp="04 Jul 2018 08:43:18 GMT" time="5.375" errors="0">
  <testcase name="verify_filePage" time="5.375" classname="testClass.filePage"/>
</testsuite> <!-- testClass.filePage -->
