<?xml version="1.0" encoding="UTF-8"?>
<!-- Generated by org.testng.reporters.JUnitReportReporter -->
<testsuite skipped="0" hostname="HPDA0017" name="com.qait.automation.tatocAutomation.advanceTest" tests="6" failures="0" timestamp="03 Jul 2018 11:57:31 GMT" time="7.338" errors="0">
  <testcase name="openDriver" time="0.292" classname="com.qait.automation.tatocAutomation.advanceTest"/>
  <testcase name="homePage" time="0.145" classname="com.qait.automation.tatocAutomation.advanceTest"/>
  <testcase name="hoverPage" time="0.175" classname="com.qait.automation.tatocAutomation.advanceTest"/>
  <testcase name="queryPage" time="0.821" classname="com.qait.automation.tatocAutomation.advanceTest"/>
  <testcase name="restPage" time="0.491" classname="com.qait.automation.tatocAutomation.advanceTest"/>
  <testcase name="filePage" time="5.414" classname="com.qait.automation.tatocAutomation.advanceTest"/>
</testsuite> <!-- com.qait.automation.tatocAutomation.advanceTest -->
