<?xml version="1.0" encoding="UTF-8"?>
<!-- Generated by org.testng.reporters.JUnitReportReporter -->
<testsuite skipped="0" hostname="HPDA0017" name="testClass.restPage" tests="1" failures="0" timestamp="04 Jul 2018 08:43:18 GMT" time="0.829" errors="0">
  <testcase name="verify_restPage" time="0.829" classname="testClass.restPage"/>
</testsuite> <!-- testClass.restPage -->
