<?xml version="1.0" encoding="UTF-8"?>
<!-- Generated by org.testng.reporters.JUnitReportReporter -->
<testsuite skipped="0" hostname="HPDA0017" name="testClass.advanceTest" tests="1" failures="0" timestamp="03 Jul 2018 12:46:53 GMT" time="0.947" errors="0">
  <testcase name="openDriver" time="0.947" classname="testClass.advanceTest"/>
</testsuite> <!-- testClass.advanceTest -->
