<?xml version="1.0" encoding="UTF-8"?>
<!-- Generated by org.testng.reporters.JUnitReportReporter -->
<testsuite skipped="0" hostname="HPDA0017" name="testClass.queryPage" tests="1" failures="0" timestamp="04 Jul 2018 08:43:18 GMT" time="7.979" errors="0">
  <testcase name="verify_queryPage" time="7.979" classname="testClass.queryPage"/>
</testsuite> <!-- testClass.queryPage -->
